<?xml version="1.0" encoding="UTF-8"?>
<testng-results skipped="0" failed="0" ignored="0" total="1" passed="1">
  <reporter-output>
  </reporter-output>
  <suite name="Default suite" duration-ms="127607" started-at="2017-08-13T22:24:31Z" finished-at="2017-08-13T22:26:38Z">
    <groups>
    </groups>
    <test name="Default test" duration-ms="127607" started-at="2017-08-13T22:24:31Z" finished-at="2017-08-13T22:26:38Z">
      <class name="com.base.TestBaseSetup">
        <test-method status="PASS" signature="launchBrowser()[pri:0, instance:com.base.TestBaseSetup@224edc67]" name="launchBrowser" duration-ms="127288" started-at="2017-08-13T15:24:31Z" finished-at="2017-08-13T15:26:38Z">
          <reporter-output>
          </reporter-output>
        </test-method> <!-- launchBrowser -->
      </class> <!-- com.base.TestBaseSetup -->
    </test> <!-- Default test -->
  </suite> <!-- Default suite -->
</testng-results>
