<?xml version="1.0" encoding="UTF-8"?>
<testng-results skipped="0" failed="1" ignored="0" total="3" passed="2">
  <reporter-output>
  </reporter-output>
  <suite name="Default suite" duration-ms="74351" started-at="2017-08-20T07:01:09Z" finished-at="2017-08-20T07:02:24Z">
    <groups>
    </groups>
    <test name="Default test" duration-ms="74351" started-at="2017-08-20T07:01:09Z" finished-at="2017-08-20T07:02:24Z">
      <class name="com.com.testworkout.NewTest">
        <test-method status="PASS" signature="setDriver()[pri:0, instance:com.com.testworkout.NewTest@47c62251]" name="setDriver" is-config="true" duration-ms="15336" started-at="2017-08-20T00:01:09Z" finished-at="2017-08-20T00:01:25Z">
          <reporter-output>
          </reporter-output>
        </test-method> <!-- setDriver -->
        <test-method status="PASS" signature="launchBrowser()[pri:1, instance:com.com.testworkout.NewTest@47c62251]" name="launchBrowser" duration-ms="58298" started-at="2017-08-20T00:01:25Z" finished-at="2017-08-20T00:02:23Z">
          <reporter-output>
          </reporter-output>
        </test-method> <!-- launchBrowser -->
        <test-method status="PASS" signature="verfyHomrPage()[pri:2, instance:com.com.testworkout.NewTest@47c62251]" name="verfyHomrPage" duration-ms="24" started-at="2017-08-20T00:02:23Z" finished-at="2017-08-20T00:02:23Z">
          <reporter-output>
          </reporter-output>
        </test-method> <!-- verfyHomrPage -->
        <test-method status="FAIL" signature="navigateToToolsPage()[pri:3, instance:com.com.testworkout.NewTest@47c62251]" name="navigateToToolsPage" duration-ms="444" started-at="2017-08-20T00:02:23Z" finished-at="2017-08-20T00:02:23Z">
          <exception class="java.lang.NullPointerException">
            <full-stacktrace>
              <![CDATA[java.lang.NullPointerException
	at com.com.testworkout.NewTest.navigateToToolsPage(NewTest.java:53)
	at sun.reflect.NativeMethodAccessorImpl.invoke0(Native Method)
	at sun.reflect.NativeMethodAccessorImpl.invoke(Unknown Source)
	at sun.reflect.DelegatingMethodAccessorImpl.invoke(Unknown Source)
	at java.lang.reflect.Method.invoke(Unknown Source)
	at org.testng.internal.MethodInvocationHelper.invokeMethod(MethodInvocationHelper.java:108)
	at org.testng.internal.Invoker.invokeMethod(Invoker.java:661)
	at org.testng.internal.Invoker.invokeTestMethod(Invoker.java:869)
	at org.testng.internal.Invoker.invokeTestMethods(Invoker.java:1193)
	at org.testng.internal.TestMethodWorker.invokeTestMethods(TestMethodWorker.java:126)
	at org.testng.internal.TestMethodWorker.run(TestMethodWorker.java:109)
	at org.testng.TestRunner.privateRun(TestRunner.java:744)
	at org.testng.TestRunner.run(TestRunner.java:602)
	at org.testng.SuiteRunner.runTest(SuiteRunner.java:380)
	at org.testng.SuiteRunner.runSequentially(SuiteRunner.java:375)
	at org.testng.SuiteRunner.privateRun(SuiteRunner.java:340)
	at org.testng.SuiteRunner.run(SuiteRunner.java:289)
	at org.testng.SuiteRunnerWorker.runSuite(SuiteRunnerWorker.java:52)
	at org.testng.SuiteRunnerWorker.run(SuiteRunnerWorker.java:86)
	at org.testng.TestNG.runSuitesSequentially(TestNG.java:1301)
	at org.testng.TestNG.runSuitesLocally(TestNG.java:1226)
	at org.testng.TestNG.runSuites(TestNG.java:1144)
	at org.testng.TestNG.run(TestNG.java:1115)
	at org.testng.remote.AbstractRemoteTestNG.run(AbstractRemoteTestNG.java:132)
	at org.testng.remote.RemoteTestNG.initAndRun(RemoteTestNG.java:230)
	at org.testng.remote.RemoteTestNG.main(RemoteTestNG.java:76)
]]>
            </full-stacktrace>
          </exception> <!-- java.lang.NullPointerException -->
          <reporter-output>
          </reporter-output>
        </test-method> <!-- navigateToToolsPage -->
      </class> <!-- com.com.testworkout.NewTest -->
    </test> <!-- Default test -->
  </suite> <!-- Default suite -->
</testng-results>
